Sun Mar 21 09:47:07 2021
Create Relation ADR_CONTROL
Create Relation ADR_INVALIDATION
Create Relation INC_METER_IMPT_DEF
Create Relation INC_METER_PK_IMPTS
Directory does not exist for read/write [f:\soft\instantclient_12_1\log] []
Sun Mar 21 09:58:49 2021
Directory does not exist for read/write [f:\soft\instantclient_12_1\log] []
Sun Mar 21 09:59:17 2021
Directory does not exist for read/write [f:\soft\instantclient_12_1\log] []
Directory does not exist for read/write [f:\soft\instantclient_12_1\log] []
Directory does not exist for read/write [f:\soft\instantclient_12_1\log] []


***********************************************************************

Fatal NI connect error 12170.

  VERSION INFORMATION:
	TNS for 32-bit Windows: Version 12.1.0.1.0 - Production
	Windows NT TCP/IP NT Protocol Adapter for 32-bit Windows: Version 12.1.0.1.0 - Production
  Time: 22-3ÔÂ -2021 14:24:04
  Tracing not turned on.
  Tns error struct:
    ns main err code: 12535
    
TNS-12535: Message 12535 not found; No message file for product=NETWORK, facility=TNS
    ns secondary err code: 12560
    nt main err code: 505
    
TNS-00505: Message 505 not found; No message file for product=NETWORK, facility=TNS
    nt secondary err code: 60
    nt OS err code: 0
  Client address: <unknown>


***********************************************************************

Fatal NI connect error 12170.

  VERSION INFORMATION:
	TNS for 32-bit Windows: Version 12.1.0.1.0 - Production
	Windows NT TCP/IP NT Protocol Adapter for 32-bit Windows: Version 12.1.0.1.0 - Production
  Time: 22-3ÔÂ -2021 14:24:31
  Tracing not turned on.
  Tns error struct:
    ns main err code: 12535
    
TNS-12535: Message 12535 not found; No message file for product=NETWORK, facility=TNS
    ns secondary err code: 12560
    nt main err code: 505
    
TNS-00505: Message 505 not found; No message file for product=NETWORK, facility=TNS
    nt secondary err code: 60
    nt OS err code: 0
  Client address: <unknown>
Mon Mar 22 14:44:05 2021
Directory does not exist for read/write [f:\soft\instantclient_12_1\log] []
Mon Mar 22 14:50:59 2021
Directory does not exist for read/write [f:\soft\instantclient_12_1\log] []
Mon Mar 22 14:54:58 2021
Directory does not exist for read/write [f:\soft\instantclient_12_1\log] []
Mon Mar 22 14:59:43 2021
Directory does not exist for read/write [f:\soft\instantclient_12_1\log] []
Tue Mar 30 17:33:16 2021
Directory does not exist for read/write [f:\soft\instantclient_12_1\log] []
Tue Mar 30 17:46:16 2021
Directory does not exist for read/write [f:\soft\instantclient_12_1\log] []
Tue Mar 30 18:53:47 2021
Directory does not exist for read/write [f:\soft\instantclient_12_1\log] []
Directory does not exist for read/write [f:\soft\instantclient_12_1\log] []
